<?xml version="1.0" encoding="UTF-8"?>
<!-- Generated by org.testng.reporters.JUnitXMLReporter -->
<testsuite ignored="0" hostname="Chitralekha" failures="0" tests="4" name="Lab_8" time="14.658" errors="0" timestamp="2025-08-18T21:27:34 IST">
  <testcase classname="TestNG.TC002" name="f" time="0.008"/>
  <testcase classname="TestNG.TC002" name="f" time="0.002"/>
  <testcase classname="TestNG.TC001" name="f" time="3.134"/>
  <testcase classname="TestNG.TC001" name="f" time="3.129"/>
</testsuite> <!-- Lab_8 -->
