<?xml version="1.0" encoding="UTF-8"?>
<!-- Generated by org.testng.reporters.JUnitXMLReporter -->
<testsuite ignored="0" hostname="Chitralekha" failures="0" tests="9" name="Test" time="65.429" errors="0" timestamp="2025-08-29T14:49:32 IST">
  <testcase classname="Practice_Questions.Q2_Login" name="f" time="1.136"/>
  <testcase classname="Practice_Questions.Q9_ScreenShot" name="f" time="1.02"/>
  <testcase classname="Practice_Questions.Q8_Multiple_WindowsHandling" name="f" time="3.45"/>
  <testcase classname="Practice_Questions.Q4_Dropdown" name="Dropdown" time="0.736"/>
  <testcase classname="Practice_Questions.Q1_Browser" name="f" time="0.05"/>
  <testcase classname="Practice_Questions.Q3__PrintAll" name="Search" time="10.554"/>
  <testcase classname="Practice_Questions.Q6_Checkbox" name="f" time="0.315"/>
  <testcase classname="Practice_Questions.Q5_Alert" name="f" time="0.223"/>
  <testcase classname="Practice_Questions.Q7" name="f" time="0.519"/>
</testsuite> <!-- Test -->
