<?xml version="1.0" encoding="UTF-8"?>
<!-- Generated by org.testng.reporters.JUnitXMLReporter -->
<testsuite ignored="0" hostname="Chitralekha" failures="2" tests="2" name="Default test(failed)(failed)" time="4.384" errors="0" timestamp="2025-08-20T12:09:04 IST">
  <testcase classname="TestNG.Lab11_3q" name="f" time="0.013">
    <failure type="java.lang.NullPointerException" message="Cannot invoke &amp;quot;org.openqa.selenium.WebDriver.findElement(org.openqa.selenium.By)&amp;quot; because &amp;quot;this.driver&amp;quot; is null">
      <![CDATA[java.lang.NullPointerException: Cannot invoke "org.openqa.selenium.WebDriver.findElement(org.openqa.selenium.By)" because "this.driver" is null
at TestNG.Lab11_3Page_object.ClickDesktop(Lab11_3Page_object.java:23)
at TestNG.Lab11_3q.f(Lab11_3q.java:30)
at java.base/java.util.ArrayList.forEach(ArrayList.java:1597)
... Removed 25 stack frames]]>
    </failure>
  </testcase> <!-- f -->
  <testcase classname="TestNG.Lab11_3q" name="f" time="0.002">
    <failure type="java.lang.NullPointerException" message="Cannot invoke &amp;quot;org.openqa.selenium.WebDriver.findElement(org.openqa.selenium.By)&amp;quot; because &amp;quot;this.driver&amp;quot; is null">
      <![CDATA[java.lang.NullPointerException: Cannot invoke "org.openqa.selenium.WebDriver.findElement(org.openqa.selenium.By)" because "this.driver" is null
at TestNG.Lab11_3Page_object.ClickDesktop(Lab11_3Page_object.java:23)
at TestNG.Lab11_3q.f(Lab11_3q.java:30)
at java.base/java.util.ArrayList.forEach(ArrayList.java:1597)
... Removed 25 stack frames]]>
    </failure>
  </testcase> <!-- f -->
</testsuite> <!-- Default test(failed)(failed) -->
