<?xml version="1.0" encoding="UTF-8"?>
<testng-results ignored="0" total="3" passed="3" failed="0" skipped="0">
  <reporter-output>
  </reporter-output>
  <suite started-at="2025-08-18T21:29:43 IST" name="Suite" finished-at="2025-08-18T21:30:02 IST" duration-ms="18322">
    <groups>
    </groups>
    <test started-at="2025-08-18T21:29:43 IST" name="Test" finished-at="2025-08-18T21:30:02 IST" duration-ms="18322">
      <class name="TestNG.Lab_3">
        <test-method is-config="true" signature="beforeSuite()[pri:0, instance:TestNG.Lab_3@6ab778a]" started-at="2025-08-18T21:29:43 IST" name="beforeSuite" finished-at="2025-08-18T21:29:43 IST" duration-ms="9" status="PASS">
          <reporter-output>
          </reporter-output>
        </test-method> <!-- beforeSuite -->
        <test-method is-config="true" signature="beforeTest()[pri:0, instance:TestNG.Lab_3@6ab778a]" started-at="2025-08-18T21:29:43 IST" name="beforeTest" finished-at="2025-08-18T21:29:43 IST" duration-ms="1" status="PASS">
          <reporter-output>
          </reporter-output>
        </test-method> <!-- beforeTest -->
        <test-method is-config="true" signature="beforeClass()[pri:0, instance:TestNG.Lab_3@6ab778a]" started-at="2025-08-18T21:29:43 IST" name="beforeClass" finished-at="2025-08-18T21:29:43 IST" duration-ms="1" status="PASS">
          <reporter-output>
          </reporter-output>
        </test-method> <!-- beforeClass -->
        <test-method is-config="true" signature="beforeMethod()[pri:0, instance:TestNG.Lab_3@6ab778a]" started-at="2025-08-18T21:29:43 IST" name="beforeMethod" finished-at="2025-08-18T21:29:46 IST" duration-ms="2222" status="PASS">
          <reporter-output>
          </reporter-output>
        </test-method> <!-- beforeMethod -->
        <test-method signature="f(java.lang.Integer,java.lang.String)[pri:0, instance:TestNG.Lab_3@6ab778a]" started-at="2025-08-18T21:29:46 IST" name="f" data-provider="dp" finished-at="2025-08-18T21:29:49 IST" duration-ms="3722" status="PASS">
          <params>
            <param index="0">
              <value>
                <![CDATA[1]]>
              </value>
            </param>
            <param index="1">
              <value>
                <![CDATA[a]]>
              </value>
            </param>
          </params>
          <reporter-output>
          </reporter-output>
        </test-method> <!-- f -->
        <test-method is-config="true" signature="afterMethod()[pri:0, instance:TestNG.Lab_3@6ab778a]" started-at="2025-08-18T21:29:49 IST" name="afterMethod" finished-at="2025-08-18T21:29:50 IST" duration-ms="217" status="PASS">
          <reporter-output>
          </reporter-output>
        </test-method> <!-- afterMethod -->
        <test-method is-config="true" signature="beforeMethod()[pri:0, instance:TestNG.Lab_3@6ab778a]" started-at="2025-08-18T21:29:50 IST" name="beforeMethod" finished-at="2025-08-18T21:29:51 IST" duration-ms="1516" status="PASS">
          <reporter-output>
          </reporter-output>
        </test-method> <!-- beforeMethod -->
        <test-method signature="f(java.lang.Integer,java.lang.String)[pri:0, instance:TestNG.Lab_3@6ab778a]" started-at="2025-08-18T21:29:51 IST" name="f" data-provider="dp" finished-at="2025-08-18T21:29:55 IST" duration-ms="3737" status="PASS">
          <params>
            <param index="0">
              <value>
                <![CDATA[2]]>
              </value>
            </param>
            <param index="1">
              <value>
                <![CDATA[b]]>
              </value>
            </param>
          </params>
          <reporter-output>
          </reporter-output>
        </test-method> <!-- f -->
        <test-method is-config="true" signature="afterMethod()[pri:0, instance:TestNG.Lab_3@6ab778a]" started-at="2025-08-18T21:29:55 IST" name="afterMethod" finished-at="2025-08-18T21:29:55 IST" duration-ms="191" status="PASS">
          <reporter-output>
          </reporter-output>
        </test-method> <!-- afterMethod -->
        <test-method is-config="true" signature="afterClass()[pri:0, instance:TestNG.Lab_3@6ab778a]" started-at="2025-08-18T21:29:55 IST" name="afterClass" finished-at="2025-08-18T21:29:55 IST" duration-ms="0" status="PASS">
          <reporter-output>
          </reporter-output>
        </test-method> <!-- afterClass -->
        <test-method is-config="true" signature="afterTest()[pri:0, instance:TestNG.Lab_3@6ab778a]" started-at="2025-08-18T21:30:02 IST" name="afterTest" finished-at="2025-08-18T21:30:02 IST" duration-ms="0" status="PASS">
          <reporter-output>
          </reporter-output>
        </test-method> <!-- afterTest -->
        <test-method is-config="true" signature="afterSuite()[pri:0, instance:TestNG.Lab_3@6ab778a]" started-at="2025-08-18T21:30:02 IST" name="afterSuite" finished-at="2025-08-18T21:30:02 IST" duration-ms="0" status="PASS">
          <reporter-output>
          </reporter-output>
        </test-method> <!-- afterSuite -->
      </class> <!-- TestNG.Lab_3 -->
      <class name="TestNG.Lab_4">
        <test-method is-config="true" signature="beforeSuite()[pri:0, instance:TestNG.Lab_4@6f45df59]" started-at="2025-08-18T21:29:43 IST" name="beforeSuite" finished-at="2025-08-18T21:29:43 IST" duration-ms="0" status="PASS">
          <reporter-output>
          </reporter-output>
        </test-method> <!-- beforeSuite -->
        <test-method is-config="true" signature="beforeTest()[pri:0, instance:TestNG.Lab_4@6f45df59]" started-at="2025-08-18T21:29:43 IST" name="beforeTest" finished-at="2025-08-18T21:29:43 IST" duration-ms="1" status="PASS">
          <reporter-output>
          </reporter-output>
        </test-method> <!-- beforeTest -->
        <test-method is-config="true" signature="beforeClass()[pri:0, instance:TestNG.Lab_4@6f45df59]" started-at="2025-08-18T21:29:55 IST" name="beforeClass" finished-at="2025-08-18T21:29:55 IST" duration-ms="0" status="PASS">
          <reporter-output>
          </reporter-output>
        </test-method> <!-- beforeClass -->
        <test-method is-config="true" signature="beforeMethod()[pri:0, instance:TestNG.Lab_4@6f45df59]" started-at="2025-08-18T21:29:55 IST" name="beforeMethod" finished-at="2025-08-18T21:29:56 IST" duration-ms="1441" status="PASS">
          <reporter-output>
          </reporter-output>
        </test-method> <!-- beforeMethod -->
        <test-method signature="f()[pri:0, instance:TestNG.Lab_4@6f45df59]" started-at="2025-08-18T21:29:56 IST" name="f" finished-at="2025-08-18T21:30:02 IST" duration-ms="5222" status="PASS">
          <reporter-output>
          </reporter-output>
        </test-method> <!-- f -->
        <test-method is-config="true" signature="afterMethod()[pri:0, instance:TestNG.Lab_4@6f45df59]" started-at="2025-08-18T21:30:02 IST" name="afterMethod" finished-at="2025-08-18T21:30:02 IST" duration-ms="1" status="PASS">
          <reporter-output>
          </reporter-output>
        </test-method> <!-- afterMethod -->
        <test-method is-config="true" signature="afterClass()[pri:0, instance:TestNG.Lab_4@6f45df59]" started-at="2025-08-18T21:30:02 IST" name="afterClass" finished-at="2025-08-18T21:30:02 IST" duration-ms="0" status="PASS">
          <reporter-output>
          </reporter-output>
        </test-method> <!-- afterClass -->
        <test-method is-config="true" signature="afterTest()[pri:0, instance:TestNG.Lab_4@6f45df59]" started-at="2025-08-18T21:30:02 IST" name="afterTest" finished-at="2025-08-18T21:30:02 IST" duration-ms="0" status="PASS">
          <reporter-output>
          </reporter-output>
        </test-method> <!-- afterTest -->
        <test-method is-config="true" signature="afterSuite()[pri:0, instance:TestNG.Lab_4@6f45df59]" started-at="2025-08-18T21:30:02 IST" name="afterSuite" finished-at="2025-08-18T21:30:02 IST" duration-ms="1" status="PASS">
          <reporter-output>
          </reporter-output>
        </test-method> <!-- afterSuite -->
      </class> <!-- TestNG.Lab_4 -->
    </test> <!-- Test -->
  </suite> <!-- Suite -->
</testng-results>
